<?xml version="1.0" encoding="UTF-8"?>
<testsuite xmlns:xsi="http://www.w3.org/2001/XMLSchema-instance" xsi:noNamespaceSchemaLocation="https://maven.apache.org/surefire/maven-surefire-plugin/xsd/surefire-test-report-3.0.xsd" version="3.0" name="com.example.AppTest" time="6.793" tests="7" errors="0" skipped="0" failures="0">
  <properties>
    <property name="java.specification.version" value="23"/>
    <property name="sun.jnu.encoding" value="UTF-8"/>
    <property name="java.class.path" value="/Users/chawikarn/test-maven/test-maven/my-app/target/test-classes:/Users/chawikarn/test-maven/test-maven/my-app/target/classes:/Users/chawikarn/.m2/repository/junit/junit/4.13.2/junit-4.13.2.jar:/Users/chawikarn/.m2/repository/org/hamcrest/hamcrest-core/1.3/hamcrest-core-1.3.jar:/Users/chawikarn/.m2/repository/io/rest-assured/rest-assured/5.5.1/rest-assured-5.5.1.jar:/Users/chawikarn/.m2/repository/org/apache/groovy/groovy/4.0.22/groovy-4.0.22.jar:/Users/chawikarn/.m2/repository/org/apache/groovy/groovy-xml/4.0.22/groovy-xml-4.0.22.jar:/Users/chawikarn/.m2/repository/org/apache/httpcomponents/httpclient/4.5.13/httpclient-4.5.13.jar:/Users/chawikarn/.m2/repository/org/apache/httpcomponents/httpcore/4.4.13/httpcore-4.4.13.jar:/Users/chawikarn/.m2/repository/commons-logging/commons-logging/1.2/commons-logging-1.2.jar:/Users/chawikarn/.m2/repository/commons-codec/commons-codec/1.11/commons-codec-1.11.jar:/Users/chawikarn/.m2/repository/org/apache/httpcomponents/httpmime/4.5.13/httpmime-4.5.13.jar:/Users/chawikarn/.m2/repository/org/hamcrest/hamcrest/2.2/hamcrest-2.2.jar:/Users/chawikarn/.m2/repository/org/ccil/cowan/tagsoup/tagsoup/1.2.1/tagsoup-1.2.1.jar:/Users/chawikarn/.m2/repository/io/rest-assured/json-path/5.5.1/json-path-5.5.1.jar:/Users/chawikarn/.m2/repository/org/apache/groovy/groovy-json/4.0.22/groovy-json-4.0.22.jar:/Users/chawikarn/.m2/repository/io/rest-assured/rest-assured-common/5.5.1/rest-assured-common-5.5.1.jar:/Users/chawikarn/.m2/repository/io/rest-assured/xml-path/5.5.1/xml-path-5.5.1.jar:/Users/chawikarn/.m2/repository/org/apache/commons/commons-lang3/3.16.0/commons-lang3-3.16.0.jar:/Users/chawikarn/.m2/repository/org/junit/jupiter/junit-jupiter-api/5.12.0/junit-jupiter-api-5.12.0.jar:/Users/chawikarn/.m2/repository/org/opentest4j/opentest4j/1.3.0/opentest4j-1.3.0.jar:/Users/chawikarn/.m2/repository/org/junit/platform/junit-platform-commons/1.12.0/junit-platform-commons-1.12.0.jar:/Users/chawikarn/.m2/repository/org/apiguardian/apiguardian-api/1.1.2/apiguardian-api-1.1.2.jar:/Users/chawikarn/.m2/repository/com/fasterxml/jackson/core/jackson-databind/2.12.1/jackson-databind-2.12.1.jar:/Users/chawikarn/.m2/repository/com/fasterxml/jackson/core/jackson-annotations/2.12.1/jackson-annotations-2.12.1.jar:/Users/chawikarn/.m2/repository/com/fasterxml/jackson/core/jackson-core/2.12.1/jackson-core-2.12.1.jar:/Users/chawikarn/.m2/repository/org/skyscreamer/jsonassert/1.5.0/jsonassert-1.5.0.jar:/Users/chawikarn/.m2/repository/com/vaadin/external/google/android-json/0.0.20131108.vaadin1/android-json-0.0.20131108.vaadin1.jar:"/>
    <property name="java.vm.vendor" value="Homebrew"/>
    <property name="sun.arch.data.model" value="64"/>
    <property name="java.vendor.url" value="https://github.com/Homebrew/homebrew-core/issues"/>
    <property name="user.timezone" value="Asia/Bangkok"/>
    <property name="os.name" value="Mac OS X"/>
    <property name="java.vm.specification.version" value="23"/>
    <property name="sun.java.launcher" value="SUN_STANDARD"/>
    <property name="user.country" value="TH"/>
    <property name="sun.boot.library.path" value="/opt/homebrew/Cellar/openjdk/23.0.2/libexec/openjdk.jdk/Contents/Home/lib"/>
    <property name="sun.java.command" value="/Users/chawikarn/test-maven/test-maven/my-app/target/surefire/surefirebooter-20250227002214688_3.jar /Users/chawikarn/test-maven/test-maven/my-app/target/surefire 2025-02-27T00-22-14_496-jvmRun1 surefire-20250227002214688_1tmp surefire_0-20250227002214688_2tmp"/>
    <property name="http.nonProxyHosts" value="local|*.local|169.254/16|*.169.254/16"/>
    <property name="jdk.debug" value="release"/>
    <property name="surefire.test.class.path" value="/Users/chawikarn/test-maven/test-maven/my-app/target/test-classes:/Users/chawikarn/test-maven/test-maven/my-app/target/classes:/Users/chawikarn/.m2/repository/junit/junit/4.13.2/junit-4.13.2.jar:/Users/chawikarn/.m2/repository/org/hamcrest/hamcrest-core/1.3/hamcrest-core-1.3.jar:/Users/chawikarn/.m2/repository/io/rest-assured/rest-assured/5.5.1/rest-assured-5.5.1.jar:/Users/chawikarn/.m2/repository/org/apache/groovy/groovy/4.0.22/groovy-4.0.22.jar:/Users/chawikarn/.m2/repository/org/apache/groovy/groovy-xml/4.0.22/groovy-xml-4.0.22.jar:/Users/chawikarn/.m2/repository/org/apache/httpcomponents/httpclient/4.5.13/httpclient-4.5.13.jar:/Users/chawikarn/.m2/repository/org/apache/httpcomponents/httpcore/4.4.13/httpcore-4.4.13.jar:/Users/chawikarn/.m2/repository/commons-logging/commons-logging/1.2/commons-logging-1.2.jar:/Users/chawikarn/.m2/repository/commons-codec/commons-codec/1.11/commons-codec-1.11.jar:/Users/chawikarn/.m2/repository/org/apache/httpcomponents/httpmime/4.5.13/httpmime-4.5.13.jar:/Users/chawikarn/.m2/repository/org/hamcrest/hamcrest/2.2/hamcrest-2.2.jar:/Users/chawikarn/.m2/repository/org/ccil/cowan/tagsoup/tagsoup/1.2.1/tagsoup-1.2.1.jar:/Users/chawikarn/.m2/repository/io/rest-assured/json-path/5.5.1/json-path-5.5.1.jar:/Users/chawikarn/.m2/repository/org/apache/groovy/groovy-json/4.0.22/groovy-json-4.0.22.jar:/Users/chawikarn/.m2/repository/io/rest-assured/rest-assured-common/5.5.1/rest-assured-common-5.5.1.jar:/Users/chawikarn/.m2/repository/io/rest-assured/xml-path/5.5.1/xml-path-5.5.1.jar:/Users/chawikarn/.m2/repository/org/apache/commons/commons-lang3/3.16.0/commons-lang3-3.16.0.jar:/Users/chawikarn/.m2/repository/org/junit/jupiter/junit-jupiter-api/5.12.0/junit-jupiter-api-5.12.0.jar:/Users/chawikarn/.m2/repository/org/opentest4j/opentest4j/1.3.0/opentest4j-1.3.0.jar:/Users/chawikarn/.m2/repository/org/junit/platform/junit-platform-commons/1.12.0/junit-platform-commons-1.12.0.jar:/Users/chawikarn/.m2/repository/org/apiguardian/apiguardian-api/1.1.2/apiguardian-api-1.1.2.jar:/Users/chawikarn/.m2/repository/com/fasterxml/jackson/core/jackson-databind/2.12.1/jackson-databind-2.12.1.jar:/Users/chawikarn/.m2/repository/com/fasterxml/jackson/core/jackson-annotations/2.12.1/jackson-annotations-2.12.1.jar:/Users/chawikarn/.m2/repository/com/fasterxml/jackson/core/jackson-core/2.12.1/jackson-core-2.12.1.jar:/Users/chawikarn/.m2/repository/org/skyscreamer/jsonassert/1.5.0/jsonassert-1.5.0.jar:/Users/chawikarn/.m2/repository/com/vaadin/external/google/android-json/0.0.20131108.vaadin1/android-json-0.0.20131108.vaadin1.jar:"/>
    <property name="sun.cpu.endian" value="little"/>
    <property name="user.home" value="/Users/chawikarn"/>
    <property name="user.language" value="en"/>
    <property name="java.specification.vendor" value="Oracle Corporation"/>
    <property name="java.version.date" value="2025-01-21"/>
    <property name="java.home" value="/opt/homebrew/Cellar/openjdk/23.0.2/libexec/openjdk.jdk/Contents/Home"/>
    <property name="file.separator" value="/"/>
    <property name="basedir" value="/Users/chawikarn/test-maven/test-maven/my-app"/>
    <property name="java.vm.compressedOopsMode" value="Zero based"/>
    <property name="line.separator" value="&#10;"/>
    <property name="java.vm.specification.vendor" value="Oracle Corporation"/>
    <property name="java.specification.name" value="Java Platform API Specification"/>
    <property name="apple.awt.application.name" value="ForkedBooter"/>
    <property name="surefire.real.class.path" value="/Users/chawikarn/test-maven/test-maven/my-app/target/surefire/surefirebooter-20250227002214688_3.jar"/>
    <property name="sun.management.compiler" value="HotSpot 64-Bit Tiered Compilers"/>
    <property name="ftp.nonProxyHosts" value="local|*.local|169.254/16|*.169.254/16"/>
    <property name="java.runtime.version" value="23.0.2"/>
    <property name="user.name" value="chawikarn"/>
    <property name="stdout.encoding" value="UTF-8"/>
    <property name="path.separator" value=":"/>
    <property name="os.version" value="13.0.1"/>
    <property name="java.runtime.name" value="OpenJDK Runtime Environment"/>
    <property name="file.encoding" value="UTF-8"/>
    <property name="java.vm.name" value="OpenJDK 64-Bit Server VM"/>
    <property name="java.vendor.version" value="Homebrew"/>
    <property name="localRepository" value="/Users/chawikarn/.m2/repository"/>
    <property name="java.vendor.url.bug" value="https://github.com/Homebrew/homebrew-core/issues"/>
    <property name="java.io.tmpdir" value="/var/folders/c0/4dztjn65195gwygf30lsmgc40000gn/T/"/>
    <property name="java.version" value="23.0.2"/>
    <property name="user.dir" value="/Users/chawikarn/test-maven/test-maven/my-app"/>
    <property name="os.arch" value="aarch64"/>
    <property name="java.vm.specification.name" value="Java Virtual Machine Specification"/>
    <property name="native.encoding" value="UTF-8"/>
    <property name="java.library.path" value="/Users/chawikarn/Library/Java/Extensions:/Library/Java/Extensions:/Network/Library/Java/Extensions:/System/Library/Java/Extensions:/usr/lib/java:."/>
    <property name="java.vm.info" value="mixed mode, sharing"/>
    <property name="stderr.encoding" value="UTF-8"/>
    <property name="java.vendor" value="Homebrew"/>
    <property name="java.vm.version" value="23.0.2"/>
    <property name="sun.io.unicode.encoding" value="UnicodeBig"/>
    <property name="socksNonProxyHosts" value="local|*.local|169.254/16|*.169.254/16"/>
    <property name="java.class.version" value="67.0"/>
  </properties>
  <testcase name="checkContentType" classname="com.example.AppTest" time="2.683"/>
  <testcase name="checkDeleteUser" classname="com.example.AppTest" time="1.996">
    <system-out><![CDATA[----------Delete request successful---------
Deleted ID : 7725592
]]></system-out>
  </testcase>
  <testcase name="checkPostAPI" classname="com.example.AppTest" time="0.287">
    <system-out><![CDATA[----------Post request successful---------
POST : User created with ID: 7725593
Response POST: {"id":7725593,"name":"Jay Embranthiri","email":"TestEmail163@example.com","gender":"female","status":"active"}
]]></system-out>
  </testcase>
  <testcase name="checkPutUser" classname="com.example.AppTest" time="0.473">
    <system-out><![CDATA[----------PUT request successful---------
PUT : Status Changed :  inactive
]]></system-out>
  </testcase>
  <testcase name="checkGetUser" classname="com.example.AppTest" time="0.489">
    <system-out><![CDATA[----------GET request successful---------
[
    {
        "id": 7725593,
        "name": "Jay Embranthiri",
        "email": "TestEmail163@example.com",
        "gender": "female",
        "status": "active"
    },
    {
        "id": 7725573,
        "name": "Jay Embranthiri",
        "email": "TestEmail154@example.com",
        "gender": "female",
        "status": "active"
    },
    {
        "id": 7725570,
        "name": "Jay Embranthiri",
        "email": "TestEmail116@example.com",
        "gender": "female",
        "status": "active"
    },
    {
        "id": 7725479,
        "name": "Jay Embranthiri",
        "email": "TestEmail16@example.com",
        "gender": "female",
        "status": "active"
    },
    {
        "id": 7725453,
        "name": "Jay Embranthiri",
        "email": "TestEmail152@example.com",
        "gender": "female",
        "status": "active"
    },
    {
        "id": 7725450,
        "name": "Jay Embranthiri",
        "email": "TestEmail194@example.com",
        "gender": "female",
        "status": "active"
    },
    {
        "id": 7725317,
        "name": "Jay Embranthiri",
        "email": "TestEmail136@example.com",
        "gender": "female",
        "status": "inactive"
    },
    {
        "id": 7725425,
        "name": "Jay Embranthiri",
        "email": "TestEmail195@example.com",
        "gender": "female",
        "status": "active"
    },
    {
        "id": 7725402,
        "name": "Som Kaul",
        "email": "kaul_som@stiedemann.test",
        "gender": "male",
        "status": "active"
    },
    {
        "id": 7725401,
        "name": "Amb. Kumari Saini",
        "email": "saini_amb_kumari@sawayn-zboncak.test",
        "gender": "male",
        "status": "inactive"
    }
]
Response Get: io.restassured.internal.ValidatableResponseImpl@39549f33
]]></system-out>
  </testcase>
  <testcase name="checkGetUserNotNull" classname="com.example.AppTest" time="0.339">
    <system-out><![CDATA[Checked Request Not null
]]></system-out>
  </testcase>
  <testcase name="checkGetStatusCode" classname="com.example.AppTest" time="0.509">
    <system-out><![CDATA[Request successful
]]></system-out>
  </testcase>
</testsuite>